
> hrm-frontend@0.1.0 dev
> next dev

   ▲ Next.js 14.0.4
   - Local:        http://localhost:3000
   - Environments: .env.local

 ✓ Ready in 3s
 ○ Compiling / ...
 ✓ Compiled / in 8.6s (2954 modules)
 ○ Compiling /payroll ...
 ✓ Compiled /payroll in 2.5s (3022 modules)
 ✓ Compiled in 1019ms (1512 modules)
 ○ Compiling /announcements ...
 ✓ Compiled /announcements in 2s (3022 modules)
 ✓ Compiled /payroll in 348ms (1524 modules)
 ✓ Compiled in 1096ms (3056 modules)
 ✓ Compiled in 522ms (3034 modules)
 ✓ Compiled in 301ms (1532 modules)
 ○ Compiling /payroll ...
 ✓ Compiled /payroll in 764ms (1502 modules)
 ○ Compiling /not-found ...
 ✓ Compiled /not-found in 3.3s (3039 modules)
 ✓ Compiled in 1178ms (3034 modules)
 ✓ Compiled in 1111ms (3034 modules)
 ✓ Compiled in 1321ms (3036 modules)
 ⨯ ./src/app/payroll/page.tsx
Error: 
  [31mx[0m Unexpected token `Box`. Expected jsx identifier
     ,-[[36;1;4mC:\Users\dung9\Desktop\hrm\hrm-nextjs\src\app\payroll\page.tsx[0m:242:1]
 [2m242[0m |   const totalDeductions = payslip ? payslip.totalInsurance + payslip.incomeTax : 0;
 [2m243[0m | 
 [2m244[0m |   return (
 [2m245[0m |     <Box sx={{ p: 3, maxWidth: 1400, mx: "auto" }}>
     : [31;1m     ^^^[0m
 [2m246[0m |       <Box sx={{ display: "flex", justifyContent: "space-between", alignItems: "center", mb: 3 }}>
 [2m247[0m |         <Typography variant="h4" fontWeight="bold" sx={{ display: "flex", alignItems: "center", gap: 1 }}>
 [2m247[0m |           <ReceiptLongIcon fontSize="large" color="primary" />
     `----

Caused by:
    Syntax Error

Import trace for requested module:
./src/app/payroll/page.tsx
 ✓ Compiled in 2.6s (3101 modules)
 ○ Compiling /not-found ...
 ✓ Compiled /not-found in 1358ms (3106 modules)
 ○ Compiling /announcements ...
 ✓ Compiled /announcements in 600ms (1559 modules)
